Training 0.0 from iteration 0
Training 0.0 from iteration 0
Iteration 0, Loss: 0
Iteration 100, Loss: 100
Training 0.0 from iteration 0
0,0
100,100
Training 0.0 from iteration 0
Training 0.0 from iteration 0
0,9.368186950683594
100,6.382803916931152
200,5.819067478179932
300,5.495354652404785
400,5.220430850982666
500,5.325727462768555
600,4.786876678466797
700,5.015990734100342
800,4.897609233856201
900,4.536182403564453
Training 0.0 from iteration 0
0,9.321541786193848
100,6.3018927574157715
200,5.913997650146484
300,5.587575435638428
Training 0.0 from iteration 0
0,9.260177612304688
100,6.4216766357421875
200,6.141603469848633
300,5.529750347137451
400,5.507011413574219
500,5.404449462890625
600,4.904120922088623
700,4.599544048309326
800,5.1759257316589355
900,5.243898868560791
1000,4.67311429977417
Training 0.0 from iteration 1000
1000,4.90520715713501
1100,4.438115119934082
1200,4.674703598022461
1300,4.548051834106445
1400,4.888078212738037
Training 0.0 from iteration 1000
1000,4.556758880615234
1100,4.474034309387207
1200,4.350526809692383
1300,5.000017166137695
1400,4.686964511871338
Training 0.0 from iteration 1000
1000,4.743247985839844
1100,4.504138469696045
1200,4.303022384643555
Training 0.0 from iteration 1000
1000,4.564565658569336
Training 0.0 from iteration 0
0,9.372797966003418
100,6.1835174560546875
200,5.638983249664307
Training 0.0 from iteration 0
Training 0.0 from iteration 0
0,9.50062370300293
100,9.286493301391602
200,8.631902694702148
300,7.689424514770508
400,6.841443061828613
500,5.979356288909912
600,5.814476013183594
700,5.452404499053955
800,5.2532148361206055
900,4.584229469299316
Training 0.0 from iteration 0
0,9.333797454833984
100,7.268908977508545
200,6.190240859985352
300,5.30087947845459
400,5.259861469268799
500,4.858366012573242
600,4.2610182762146
700,4.491119384765625
800,4.577162742614746
900,4.504140377044678
1000,4.354422569274902
1100,3.9646377563476562
1200,3.4297122955322266
1300,4.329042911529541
1400,3.8607864379882812
1500,4.100332736968994
1600,4.85365629196167
1700,3.686927318572998
1800,3.393472194671631
1900,3.803057909011841
2000,4.636075973510742
2100,3.9573373794555664
2200,3.8763864040374756
2300,4.711583614349365
2400,4.440041542053223
2500,4.424593448638916
2600,3.301997661590576
2700,4.0887579917907715
2800,4.288852691650391
2900,4.4920148849487305
3000,3.981154203414917
3100,3.8495168685913086
3200,3.6211814880371094
3300,3.8170220851898193
3400,3.430014133453369
3500,2.9391655921936035
3600,3.076335906982422
3700,4.1884613037109375
3800,3.8625807762145996
3900,3.637143850326538
4000,3.8627090454101562
4100,2.9912562370300293
Training 0.0 from iteration 0
Training 0.0 from iteration 0
Training 0.0 from iteration 0
100,7.300388336181641
200,5.821464538574219
300,5.244527816772461
400,5.053967475891113
500,5.378944396972656
600,4.590839385986328
700,3.7139811515808105
800,4.379702091217041
900,3.4828925132751465
1000,4.8605828285217285
Saving model at iteration: 1000
1100,3.9791719913482666
1200,3.898254156112671
1300,3.73588490486145
1400,3.277064800262451
1500,3.7616138458251953
1600,3.5433685779571533
1700,3.805738925933838
Training 0.0 from iteration 0
Training 0.0 from iteration 0
Training 0.0 from iteration 0
Training 0.0 from iteration 0
Training 0.0 from iteration 0
100,9.39950942993164
200,7.932803153991699
300,7.60711669921875
400,7.4169206619262695
500,7.522040843963623
600,7.832559585571289
700,7.4580159187316895
Training 0.0 from iteration 0
100,9.393254280090332
200,7.898332595825195
300,7.783877849578857
400,7.4954514503479
500,7.120874881744385
600,7.561654090881348
700,7.145551681518555
800,7.086241722106934
900,7.527729511260986
1000,7.4656853675842285
Saving model at iteration: 1000, with tokens processed: 128000
1100,7.105668067932129
Training 0.0 from iteration 1000
1100,7.03981876373291
Training 0.0 from iteration 0
100,9.352014541625977
200,7.76235294342041
Training 0.0 from iteration 0
100,9.121490478515625
Training 0.0 from iteration 0
100,9.116933822631836
200,7.854864597320557
Training 0.0 from iteration 0
100,9.116933822631836
200,7.854864597320557
